TN:
SF:bootstrap.ts
FN:18,(anonymous_0)
FN:26,(anonymous_1)
FN:44,(anonymous_2)
FN:76,(anonymous_3)
FN:86,(anonymous_4)
FN:117,(anonymous_5)
FN:142,(anonymous_6)
FN:148,(anonymous_7)
FN:162,(anonymous_8)
FN:194,(anonymous_9)
FN:252,createCoreSystem
FN:265,quickStart
FNF:12
FNH:10
FNDA:43,(anonymous_0)
FNDA:5,(anonymous_1)
FNDA:18,(anonymous_2)
FNDA:1,(anonymous_3)
FNDA:7,(anonymous_4)
FNDA:0,(anonymous_5)
FNDA:2,(anonymous_6)
FNDA:11,(anonymous_7)
FNDA:2,(anonymous_8)
FNDA:7,(anonymous_9)
FNDA:18,createCoreSystem
FNDA:0,quickStart
DA:1,2
DA:2,2
DA:3,2
DA:4,2
DA:5,2
DA:6,2
DA:7,2
DA:8,2
DA:13,2
DA:19,43
DA:20,43
DA:28,5
DA:31,5
DA:34,5
DA:35,0
DA:38,5
DA:46,18
DA:47,2
DA:51,18
DA:52,0
DA:56,18
DA:57,18
DA:59,0
DA:63,18
DA:66,18
DA:67,1
DA:70,18
DA:77,1
DA:78,1
DA:80,0
DA:87,7
DA:89,7
DA:90,7
DA:91,7
DA:94,7
DA:95,7
DA:96,7
DA:99,7
DA:100,7
DA:101,7
DA:104,7
DA:105,7
DA:106,7
DA:109,0
DA:110,0
DA:118,0
DA:119,0
DA:120,0
DA:121,0
DA:122,0
DA:123,0
DA:124,0
DA:125,0
DA:128,0
DA:129,0
DA:131,0
DA:143,2
DA:144,2
DA:146,2
DA:148,11
DA:163,2
DA:164,2
DA:166,2
DA:167,11
DA:168,11
DA:169,11
DA:170,11
DA:171,11
DA:178,0
DA:188,2
DA:195,7
DA:196,5
DA:198,7
DA:252,2
DA:253,18
DA:255,18
DA:256,17
DA:258,1
DA:265,2
DA:266,0
DA:270,0
DA:276,2
LF:82
LH:62
BRDA:34,0,0,0
BRDA:46,1,0,2
BRDA:51,2,0,0
BRDA:56,3,0,18
BRDA:56,3,1,0
BRDA:66,4,0,1
BRDA:77,5,0,1
BRDA:120,6,0,0
BRDA:120,6,1,0
BRDA:123,7,0,0
BRDA:128,8,0,0
BRDA:168,9,0,11
BRDA:175,10,0,4
BRDA:175,10,1,7
BRDA:195,11,0,5
BRDA:255,12,0,17
BRDA:255,12,1,1
BRDA:267,13,0,0
BRDA:267,13,1,0
BRF:19
BRH:10
end_of_record
TN:
SF:adapters/base/adapterRegistry.ts
FN:11,(anonymous_9)
FN:16,(anonymous_10)
FN:26,(anonymous_11)
FN:45,(anonymous_12)
FN:73,(anonymous_13)
FN:81,(anonymous_14)
FN:90,(anonymous_15)
FN:104,(anonymous_16)
FN:105,(anonymous_17)
FN:117,(anonymous_18)
FN:119,(anonymous_19)
FN:134,(anonymous_20)
FN:142,(anonymous_21)
FN:149,(anonymous_22)
FN:156,(anonymous_23)
FN:164,(anonymous_24)
FN:165,(anonymous_25)
FN:178,(anonymous_26)
FN:179,(anonymous_27)
FN:186,(anonymous_28)
FN:190,(anonymous_29)
FN:191,(anonymous_30)
FN:200,(anonymous_31)
FN:207,(anonymous_32)
FN:215,(anonymous_33)
FN:222,(anonymous_34)
FN:252,(anonymous_35)
FN:259,(anonymous_36)
FN:261,(anonymous_37)
FN:283,(anonymous_38)
FN:284,(anonymous_39)
FN:285,(anonymous_40)
FN:308,(anonymous_41)
FN:325,(anonymous_42)
FNF:34
FNH:27
FNDA:4,(anonymous_9)
FNDA:23,(anonymous_10)
FNDA:101,(anonymous_11)
FNDA:6,(anonymous_12)
FNDA:16,(anonymous_13)
FNDA:35,(anonymous_14)
FNDA:2,(anonymous_15)
FNDA:7,(anonymous_16)
FNDA:25,(anonymous_17)
FNDA:4,(anonymous_18)
FNDA:3,(anonymous_19)
FNDA:7,(anonymous_20)
FNDA:5,(anonymous_21)
FNDA:9,(anonymous_22)
FNDA:18,(anonymous_23)
FNDA:25,(anonymous_24)
FNDA:53,(anonymous_25)
FNDA:48,(anonymous_26)
FNDA:119,(anonymous_27)
FNDA:121,(anonymous_28)
FNDA:9,(anonymous_29)
FNDA:14,(anonymous_30)
FNDA:5,(anonymous_31)
FNDA:31,(anonymous_32)
FNDA:0,(anonymous_33)
FNDA:5,(anonymous_34)
FNDA:46,(anonymous_35)
FNDA:0,(anonymous_36)
FNDA:0,(anonymous_37)
FNDA:0,(anonymous_38)
FNDA:0,(anonymous_39)
FNDA:0,(anonymous_40)
FNDA:0,(anonymous_41)
FNDA:4,(anonymous_42)
DA:6,4
DA:8,4
DA:9,4
DA:17,23
DA:18,4
DA:20,23
DA:27,101
DA:29,101
DA:30,38
DA:31,38
DA:34,63
DA:37,63
DA:38,63
DA:39,63
DA:46,6
DA:48,6
DA:49,2
DA:52,4
DA:53,4
DA:56,4
DA:57,4
DA:58,4
DA:59,4
DA:60,4
DA:61,3
DA:63,1
DA:67,4
DA:74,16
DA:75,16
DA:82,35
DA:84,35
DA:85,3
DA:89,32
DA:90,2
DA:91,1
DA:92,1
DA:97,31
DA:98,31
DA:105,25
DA:118,4
DA:119,4
DA:120,3
DA:121,3
DA:135,7
DA:136,7
DA:143,5
DA:150,9
DA:157,18
DA:158,18
DA:165,25
DA:166,53
DA:167,53
DA:168,18
DA:172,25
DA:179,48
DA:180,119
DA:183,48
DA:187,121
DA:191,9
DA:192,14
DA:195,9
DA:196,4
DA:200,5
DA:201,5
DA:202,5
DA:203,5
DA:208,31
DA:210,31
DA:211,0
DA:215,31
DA:216,0
DA:217,0
DA:218,0
DA:223,5
DA:224,5
DA:226,5
DA:227,8
DA:228,8
DA:230,8
DA:231,8
DA:234,0
DA:249,4
DA:253,46
DA:260,0
DA:261,0
DA:262,0
DA:264,0
DA:265,0
DA:268,0
DA:270,0
DA:271,0
DA:274,0
DA:276,0
DA:284,0
DA:285,0
DA:287,0
DA:288,0
DA:290,0
DA:291,0
DA:292,0
DA:293,0
DA:294,0
DA:295,0
DA:297,0
DA:302,0
DA:309,0
DA:310,0
DA:311,0
DA:312,0
DA:313,0
DA:314,0
DA:317,0
DA:318,0
DA:320,0
DA:326,4
DA:350,4
LF:116
LH:80
BRDA:17,0,0,4
BRDA:29,1,0,38
BRDA:37,2,0,63
BRDA:37,2,1,54
BRDA:46,3,0,3
BRDA:46,3,1,3
BRDA:48,4,0,2
BRDA:48,5,0,6
BRDA:48,5,1,4
BRDA:56,6,0,4
BRDA:56,6,1,0
BRDA:58,7,0,4
BRDA:60,8,0,3
BRDA:60,8,1,1
BRDA:74,9,0,12
BRDA:74,9,1,4
BRDA:75,10,0,15
BRDA:75,10,1,1
BRDA:75,11,0,15
BRDA:75,11,1,0
BRDA:82,12,0,35
BRDA:82,12,1,3
BRDA:84,13,0,3
BRDA:89,14,0,1
BRDA:91,15,0,1
BRDA:92,16,0,1
BRDA:92,16,1,0
BRDA:98,17,0,31
BRDA:98,17,1,0
BRDA:98,18,0,31
BRDA:98,18,1,0
BRDA:118,19,0,4
BRDA:118,19,1,1
BRDA:135,20,0,5
BRDA:135,20,1,2
BRDA:136,21,0,6
BRDA:136,21,1,1
BRDA:166,22,0,53
BRDA:166,22,1,35
BRDA:167,23,0,18
BRDA:195,24,0,4
BRDA:208,25,0,31
BRDA:208,25,1,0
BRDA:210,26,0,0
BRDA:227,27,0,8
BRDA:227,27,1,3
BRDA:228,28,0,8
BRDA:228,28,1,1
BRDA:230,29,0,0
BRDA:231,30,0,5
BRDA:253,31,0,46
BRDA:253,31,1,0
BRDA:262,32,0,0
BRDA:262,32,1,0
BRDA:264,33,0,0
BRDA:270,34,0,0
BRDA:291,35,0,0
BRDA:291,36,0,0
BRDA:291,36,1,0
BRDA:311,37,0,0
BRDA:311,37,1,0
BRDA:313,38,0,0
BRDA:317,39,0,0
BRDA:326,40,0,4
BRDA:326,40,1,2
BRDA:326,40,2,2
BRDA:326,40,3,1
BRDA:326,40,4,1
BRDA:326,40,5,1
BRDA:326,40,6,1
BRDA:326,40,7,1
BRDA:326,40,8,1
BRDA:326,40,9,1
BRDA:326,40,10,1
BRF:74
BRH:54
end_of_record
TN:
SF:adapters/base/databaseAdapter.ts
FN:217,(anonymous_0)
FN:228,(anonymous_1)
FN:251,(anonymous_2)
FN:269,(anonymous_3)
FN:271,(anonymous_4)
FN:283,(anonymous_5)
FN:291,(anonymous_6)
FN:296,(anonymous_7)
FN:302,(anonymous_8)
FN:308,(anonymous_9)
FNF:10
FNH:7
FNDA:51,(anonymous_0)
FNDA:6,(anonymous_1)
FNDA:2,(anonymous_2)
FNDA:3,(anonymous_3)
FNDA:4,(anonymous_4)
FNDA:0,(anonymous_5)
FNDA:2,(anonymous_6)
FNDA:75,(anonymous_7)
FNDA:0,(anonymous_8)
FNDA:0,(anonymous_9)
DA:217,3
DA:223,51
DA:229,6
DA:230,6
DA:233,6
DA:234,2
DA:242,6
DA:245,6
DA:246,3
DA:250,6
DA:251,2
DA:252,2
DA:253,1
DA:262,6
DA:270,3
DA:271,3
DA:272,4
DA:273,1
DA:282,3
DA:283,0
DA:284,0
DA:292,2
DA:293,2
DA:297,75
DA:303,0
DA:304,0
DA:314,0
DA:325,0
DA:326,0
DA:333,0
LF:30
LH:22
BRDA:233,0,0,2
BRDA:245,1,0,3
BRDA:250,2,0,2
BRDA:252,3,0,1
BRDA:270,4,0,3
BRDA:272,5,0,1
BRDA:282,6,0,0
BRDA:303,7,0,0
BRDA:325,8,0,0
BRDA:327,9,0,0
BRDA:327,9,1,0
BRDA:328,10,0,0
BRDA:328,10,1,0
BRDA:329,11,0,0
BRDA:329,11,1,0
BRF:15
BRH:6
end_of_record
TN:
SF:adapters/base/relationship/RelationshipRegistry.ts
FN:11,(anonymous_0)
FN:17,(anonymous_1)
FN:25,(anonymous_2)
FN:51,(anonymous_3)
FN:59,(anonymous_4)
FN:75,(anonymous_5)
FN:83,(anonymous_6)
FN:91,(anonymous_7)
FN:98,(anonymous_8)
FN:105,(anonymous_9)
FN:113,(anonymous_10)
FN:130,(anonymous_11)
FN:131,(anonymous_12)
FN:132,(anonymous_13)
FNF:14
FNH:14
FNDA:144,(anonymous_0)
FNDA:129,(anonymous_1)
FNDA:129,(anonymous_2)
FNDA:9,(anonymous_3)
FNDA:10,(anonymous_4)
FNDA:17,(anonymous_5)
FNDA:2,(anonymous_6)
FNDA:1,(anonymous_7)
FNDA:1,(anonymous_8)
FNDA:5,(anonymous_9)
FNDA:3,(anonymous_10)
FNDA:40,(anonymous_11)
FNDA:58,(anonymous_12)
FNDA:107,(anonymous_13)
DA:2,6
DA:3,6
DA:4,6
DA:5,6
DA:11,6
DA:12,144
DA:18,129
DA:19,129
DA:28,129
DA:30,48
DA:31,48
DA:33,60
DA:34,60
DA:36,19
DA:37,19
DA:39,1
DA:40,1
DA:42,1
DA:45,128
DA:52,9
DA:53,9
DA:60,10
DA:61,10
DA:63,10
DA:64,22
DA:65,14
DA:69,10
DA:76,17
DA:77,17
DA:84,2
DA:85,2
DA:92,1
DA:99,1
DA:106,5
DA:114,3
DA:116,3
DA:117,2
DA:118,2
DA:119,1
DA:121,2
DA:124,3
DA:131,40
DA:132,58
DA:133,107
LF:44
LH:44
BRDA:28,0,0,48
BRDA:28,0,1,60
BRDA:28,0,2,19
BRDA:28,0,3,1
BRDA:28,0,4,1
BRDA:64,1,0,14
BRDA:118,2,0,1
BRF:7
BRH:7
end_of_record
TN:
SF:adapters/base/relationship/mainRelationship.ts
FN:9,(anonymous_0)
FN:18,(anonymous_1)
FN:21,(anonymous_2)
FN:24,(anonymous_3)
FN:27,(anonymous_4)
FN:30,(anonymous_5)
FN:33,(anonymous_6)
FN:40,(anonymous_7)
FN:53,(anonymous_8)
FN:70,(anonymous_9)
FN:97,(anonymous_10)
FN:108,(anonymous_11)
FN:110,(anonymous_12)
FNF:13
FNH:6
FNDA:129,(anonymous_0)
FNDA:140,(anonymous_1)
FNDA:5,(anonymous_2)
FNDA:3,(anonymous_3)
FNDA:3,(anonymous_4)
FNDA:6,(anonymous_5)
FNDA:0,(anonymous_6)
FNDA:0,(anonymous_7)
FNDA:0,(anonymous_8)
FNDA:0,(anonymous_9)
FNDA:0,(anonymous_10)
FNDA:0,(anonymous_11)
FNDA:0,(anonymous_12)
DA:6,6
DA:10,129
DA:19,140
DA:22,5
DA:25,3
DA:28,3
DA:31,6
DA:34,0
DA:41,0
DA:56,0
DA:58,0
DA:60,0
DA:63,0
DA:71,0
DA:74,0
DA:75,0
DA:79,0
DA:80,0
DA:81,0
DA:85,0
DA:86,0
DA:90,0
DA:91,0
DA:95,0
DA:96,0
DA:97,0
DA:98,0
DA:102,0
DA:109,0
DA:110,0
DA:111,0
DA:112,0
DA:114,0
LF:33
LH:7
BRDA:42,0,0,0
BRDA:42,0,1,0
BRDA:42,0,2,0
BRDA:42,0,3,0
BRDA:42,0,4,0
BRDA:56,1,0,0
BRDA:56,1,1,0
BRDA:56,1,2,0
BRDA:56,1,3,0
BRDA:74,2,0,0
BRDA:74,3,0,0
BRDA:74,3,1,0
BRDA:79,4,0,0
BRDA:79,5,0,0
BRDA:79,5,1,0
BRDA:85,6,0,0
BRDA:85,7,0,0
BRDA:85,7,1,0
BRDA:90,8,0,0
BRDA:90,9,0,0
BRDA:90,9,1,0
BRDA:95,10,0,0
BRDA:95,11,0,0
BRDA:95,11,1,0
BRDA:112,12,0,0
BRDA:112,12,1,0
BRF:26
BRH:0
end_of_record
TN:
SF:adapters/base/relationship/manyToManyRelationship.ts
FN:11,(anonymous_0)
FN:19,(anonymous_1)
FN:27,(anonymous_2)
FN:59,(anonymous_3)
FNF:4
FNH:1
FNDA:1,(anonymous_0)
FNDA:0,(anonymous_1)
FNDA:0,(anonymous_2)
FNDA:0,(anonymous_3)
DA:1,6
DA:8,6
DA:12,1
DA:13,1
DA:14,0
DA:16,1
DA:20,0
DA:29,0
DA:39,0
DA:52,0
DA:56,0
DA:60,0
LF:12
LH:5
BRDA:13,0,0,0
BRDA:44,1,0,0
BRDA:44,1,1,0
BRDA:45,2,0,0
BRDA:45,2,1,0
BRF:5
BRH:0
end_of_record
TN:
SF:adapters/base/relationship/manyToOneRelationship.ts
FN:9,(anonymous_0)
FN:17,(anonymous_1)
FN:31,(anonymous_2)
FNF:3
FNH:0
FNDA:0,(anonymous_0)
FNDA:0,(anonymous_1)
FNDA:0,(anonymous_2)
DA:1,6
DA:8,6
DA:10,0
DA:18,0
DA:20,0
DA:32,0
LF:6
LH:2
BRDA:25,0,0,0
BRDA:25,0,1,0
BRDA:26,1,0,0
BRDA:26,1,1,0
BRF:4
BRH:0
end_of_record
TN:
SF:adapters/base/relationship/oneToManyRelationship.ts
FN:9,(anonymous_0)
FN:17,(anonymous_1)
FN:31,(anonymous_2)
FNF:3
FNH:0
FNDA:0,(anonymous_0)
FNDA:0,(anonymous_1)
FNDA:0,(anonymous_2)
DA:1,6
DA:8,6
DA:10,0
DA:18,0
DA:20,0
DA:32,0
LF:6
LH:2
BRDA:25,0,0,0
BRDA:25,0,1,0
BRDA:26,1,0,0
BRDA:26,1,1,0
BRF:4
BRH:0
end_of_record
TN:
SF:adapters/base/relationship/oneToOneRelationship.ts
FN:9,(anonymous_0)
FN:17,(anonymous_1)
FN:31,(anonymous_2)
FNF:3
FNH:0
FNDA:0,(anonymous_0)
FNDA:0,(anonymous_1)
FNDA:0,(anonymous_2)
DA:1,6
DA:8,6
DA:10,0
DA:18,0
DA:20,0
DA:32,0
LF:6
LH:2
BRDA:25,0,0,0
BRDA:25,0,1,0
BRDA:26,1,0,0
BRDA:26,1,1,0
BRF:4
BRH:0
end_of_record
TN:
SF:adapters/elasticsearch/elasticsearchAdapter.ts
FN:19,(anonymous_9)
FN:29,(anonymous_10)
FN:77,(anonymous_11)
FN:92,(anonymous_12)
FN:124,(anonymous_13)
FN:152,(anonymous_14)
FN:159,(anonymous_15)
FN:175,(anonymous_16)
FN:189,(anonymous_17)
FN:194,(anonymous_18)
FN:195,(anonymous_19)
FN:203,(anonymous_20)
FN:204,(anonymous_21)
FN:213,(anonymous_22)
FN:214,(anonymous_23)
FN:221,(anonymous_24)
FN:222,(anonymous_25)
FN:242,(anonymous_26)
FN:332,(anonymous_27)
FN:337,(anonymous_28)
FN:343,(anonymous_29)
FN:344,(anonymous_30)
FN:354,(anonymous_31)
FN:357,(anonymous_32)
FN:373,(anonymous_33)
FN:377,(anonymous_34)
FNF:26
FNH:3
FNDA:7,(anonymous_9)
FNDA:0,(anonymous_10)
FNDA:0,(anonymous_11)
FNDA:0,(anonymous_12)
FNDA:4,(anonymous_13)
FNDA:0,(anonymous_14)
FNDA:0,(anonymous_15)
FNDA:2,(anonymous_16)
FNDA:0,(anonymous_17)
FNDA:0,(anonymous_18)
FNDA:0,(anonymous_19)
FNDA:0,(anonymous_20)
FNDA:0,(anonymous_21)
FNDA:0,(anonymous_22)
FNDA:0,(anonymous_23)
FNDA:0,(anonymous_24)
FNDA:0,(anonymous_25)
FNDA:0,(anonymous_26)
FNDA:0,(anonymous_27)
FNDA:0,(anonymous_28)
FNDA:0,(anonymous_29)
FNDA:0,(anonymous_30)
FNDA:0,(anonymous_31)
FNDA:0,(anonymous_32)
FNDA:0,(anonymous_33)
FNDA:0,(anonymous_34)
DA:1,2
DA:19,2
DA:20,7
DA:21,7
DA:22,7
DA:30,0
DA:42,0
DA:43,0
DA:47,0
DA:48,0
DA:52,0
DA:53,0
DA:57,0
DA:58,0
DA:59,0
DA:61,0
DA:62,0
DA:67,0
DA:68,0
DA:71,0
DA:81,0
DA:83,0
DA:84,0
DA:87,0
DA:89,0
DA:90,0
DA:92,0
DA:98,0
DA:100,0
DA:103,0
DA:104,0
DA:108,0
DA:109,0
DA:112,0
DA:115,0
DA:117,0
DA:125,4
DA:153,0
DA:155,0
DA:156,0
DA:157,0
DA:159,0
DA:161,0
DA:176,2
DA:177,2
DA:179,0
DA:180,0
DA:182,0
DA:190,0
DA:191,0
DA:194,0
DA:195,0
DA:199,0
DA:200,0
DA:203,0
DA:204,0
DA:209,0
DA:210,0
DA:213,0
DA:214,0
DA:220,0
DA:221,0
DA:222,0
DA:225,0
DA:226,0
DA:227,0
DA:228,0
DA:234,0
DA:243,0
DA:245,0
DA:247,0
DA:250,0
DA:257,0
DA:260,0
DA:263,0
DA:266,0
DA:269,0
DA:270,0
DA:273,0
DA:274,0
DA:281,0
DA:286,0
DA:293,0
DA:297,0
DA:304,0
DA:311,0
DA:318,0
DA:325,0
DA:333,0
DA:334,0
DA:337,0
DA:344,0
DA:355,0
DA:357,0
DA:360,0
DA:367,0
DA:374,0
DA:378,0
LF:98
LH:8
BRDA:42,0,0,0
BRDA:47,1,0,0
BRDA:47,2,0,0
BRDA:47,2,1,0
BRDA:52,3,0,0
BRDA:52,4,0,0
BRDA:52,4,1,0
BRDA:57,5,0,0
BRDA:58,6,0,0
BRDA:61,7,0,0
BRDA:67,8,0,0
BRDA:67,9,0,0
BRDA:67,9,1,0
BRDA:83,10,0,0
BRDA:103,11,0,0
BRDA:104,12,0,0
BRDA:104,12,1,0
BRDA:108,13,0,0
BRDA:155,14,0,0
BRDA:155,14,1,0
BRDA:157,15,0,0
BRDA:162,16,0,0
BRDA:162,16,1,0
BRDA:163,17,0,0
BRDA:163,17,1,0
BRDA:163,18,0,0
BRDA:163,18,1,0
BRDA:164,19,0,0
BRDA:164,19,1,0
BRDA:164,20,0,0
BRDA:164,20,1,0
BRDA:177,21,0,2
BRDA:190,22,0,0
BRDA:190,22,1,0
BRDA:194,23,0,0
BRDA:194,23,1,0
BRDA:195,24,0,0
BRDA:195,24,1,0
BRDA:199,25,0,0
BRDA:199,25,1,0
BRDA:203,26,0,0
BRDA:203,26,1,0
BRDA:204,27,0,0
BRDA:204,27,1,0
BRDA:209,28,0,0
BRDA:209,28,1,0
BRDA:213,29,0,0
BRDA:213,29,1,0
BRDA:214,30,0,0
BRDA:214,30,1,0
BRDA:221,31,0,0
BRDA:221,31,1,0
BRDA:222,32,0,0
BRDA:222,32,1,0
BRDA:225,33,0,0
BRDA:225,33,1,0
BRDA:227,34,0,0
BRDA:227,34,1,0
BRDA:245,35,0,0
BRDA:245,35,1,0
BRDA:245,35,2,0
BRDA:245,35,3,0
BRDA:245,35,4,0
BRDA:245,35,5,0
BRDA:245,35,6,0
BRDA:245,35,7,0
BRDA:245,35,8,0
BRDA:245,35,9,0
BRDA:245,35,10,0
BRDA:245,35,11,0
BRDA:245,35,12,0
BRDA:245,35,13,0
BRDA:245,35,14,0
BRDA:245,35,15,0
BRDA:245,35,16,0
BRDA:269,36,0,0
BRDA:269,36,1,0
BRDA:273,37,0,0
BRDA:273,37,1,0
BRDA:281,38,0,0
BRDA:281,38,1,0
BRDA:333,39,0,0
BRDA:346,40,0,0
BRDA:346,40,1,0
BRDA:362,41,0,0
BRDA:362,41,1,0
BRDA:374,42,0,0
BRDA:374,42,1,0
BRF:88
BRH:1
end_of_record
TN:
SF:adapters/mongodb/mongodbAdapter.ts
FN:29,(anonymous_9)
FN:37,(anonymous_10)
FN:85,(anonymous_11)
FN:118,(anonymous_12)
FN:145,(anonymous_13)
FN:152,(anonymous_14)
FN:166,(anonymous_15)
FN:179,(anonymous_16)
FN:182,(anonymous_17)
FN:199,(anonymous_18)
FN:205,(anonymous_19)
FN:235,(anonymous_20)
FN:270,(anonymous_21)
FN:334,(anonymous_22)
FN:370,(anonymous_23)
FN:382,(anonymous_24)
FN:398,(anonymous_25)
FN:403,(anonymous_26)
FN:415,(anonymous_27)
FN:435,(anonymous_28)
FN:452,(anonymous_29)
FN:542,(anonymous_30)
FN:545,(anonymous_31)
FN:552,(anonymous_32)
FN:574,(anonymous_33)
FN:578,(anonymous_34)
FN:583,(anonymous_35)
FNF:27
FNH:16
FNDA:30,(anonymous_9)
FNDA:13,(anonymous_10)
FNDA:0,(anonymous_11)
FNDA:11,(anonymous_12)
FNDA:2,(anonymous_13)
FNDA:2,(anonymous_14)
FNDA:3,(anonymous_15)
FNDA:2,(anonymous_16)
FNDA:2,(anonymous_17)
FNDA:2,(anonymous_18)
FNDA:0,(anonymous_19)
FNDA:0,(anonymous_20)
FNDA:0,(anonymous_21)
FNDA:0,(anonymous_22)
FNDA:0,(anonymous_23)
FNDA:0,(anonymous_24)
FNDA:7,(anonymous_25)
FNDA:13,(anonymous_26)
FNDA:1,(anonymous_27)
FNDA:5,(anonymous_28)
FNDA:18,(anonymous_29)
FNDA:2,(anonymous_30)
FNDA:3,(anonymous_31)
FNDA:0,(anonymous_32)
FNDA:0,(anonymous_33)
FNDA:0,(anonymous_34)
FNDA:0,(anonymous_35)
DA:1,3
DA:21,3
DA:22,30
DA:23,30
DA:24,30
DA:30,30
DA:31,30
DA:38,13
DA:41,13
DA:42,2
DA:43,2
DA:47,13
DA:48,6
DA:49,6
DA:50,6
DA:51,6
DA:64,13
DA:65,2
DA:66,2
DA:70,13
DA:71,2
DA:72,1
DA:74,2
DA:75,2
DA:79,13
DA:89,0
DA:91,0
DA:92,0
DA:95,0
DA:97,0
DA:99,0
DA:100,0
DA:106,0
DA:107,0
DA:109,0
DA:111,0
DA:119,11
DA:146,2
DA:148,2
DA:149,0
DA:150,2
DA:152,4
DA:153,2
DA:158,2
DA:159,2
DA:167,3
DA:168,3
DA:169,1
DA:170,1
DA:172,0
DA:180,2
DA:182,2
DA:183,2
DA:184,2
DA:185,2
DA:186,0
DA:188,2
DA:193,2
DA:201,2
DA:202,0
DA:205,0
DA:207,0
DA:208,0
DA:213,2
DA:214,2
DA:215,2
DA:226,0
DA:236,0
DA:239,0
DA:250,0
DA:262,0
DA:263,0
DA:269,0
DA:270,0
DA:271,0
DA:272,0
DA:273,0
DA:274,0
DA:275,0
DA:281,0
DA:315,0
DA:326,0
DA:327,0
DA:333,0
DA:334,0
DA:335,0
DA:336,0
DA:337,0
DA:338,0
DA:339,0
DA:344,0
DA:354,0
DA:355,0
DA:366,0
DA:371,0
DA:374,0
DA:375,0
DA:381,0
DA:382,0
DA:383,0
DA:384,0
DA:385,0
DA:386,0
DA:387,0
DA:392,0
DA:399,7
DA:402,7
DA:403,7
DA:404,13
DA:406,7
DA:407,1
DA:409,6
DA:414,7
DA:415,1
DA:416,1
DA:419,1
DA:420,0
DA:421,1
DA:422,0
DA:425,1
DA:426,0
DA:428,1
DA:434,7
DA:435,3
DA:436,5
DA:439,3
DA:440,2
DA:441,1
DA:442,0
DA:446,7
DA:453,18
DA:455,18
DA:457,7
DA:460,0
DA:463,3
DA:466,0
DA:469,0
DA:472,0
DA:475,3
DA:478,1
DA:481,0
DA:484,1
DA:487,1
DA:490,1
DA:494,1
DA:495,1
DA:498,0
DA:501,0
DA:504,0
DA:507,0
DA:543,2
DA:545,2
DA:546,3
DA:549,2
DA:553,0
DA:555,0
DA:557,0
DA:558,0
DA:561,0
DA:563,0
DA:564,0
DA:567,0
DA:575,0
DA:579,0
DA:584,0
DA:585,0
LF:166
LH:84
BRDA:41,0,0,2
BRDA:41,1,0,13
BRDA:41,1,1,2
BRDA:47,2,0,6
BRDA:50,3,0,6
BRDA:64,4,0,2
BRDA:64,5,0,13
BRDA:64,5,1,2
BRDA:70,6,0,2
BRDA:71,7,0,1
BRDA:71,8,0,2
BRDA:71,8,1,1
BRDA:74,9,0,2
BRDA:74,10,0,2
BRDA:74,10,1,2
BRDA:91,11,0,0
BRDA:101,12,0,0
BRDA:101,12,1,0
BRDA:148,13,0,0
BRDA:148,13,1,2
BRDA:150,14,0,2
BRDA:154,15,0,2
BRDA:154,15,1,0
BRDA:168,16,0,2
BRDA:184,17,0,2
BRDA:185,18,0,0
BRDA:185,18,1,2
BRDA:201,19,0,0
BRDA:201,20,0,2
BRDA:201,20,1,0
BRDA:202,21,0,0
BRDA:202,21,1,0
BRDA:207,22,0,0
BRDA:213,23,0,2
BRDA:213,24,0,2
BRDA:213,24,1,2
BRDA:220,25,0,2
BRDA:220,25,1,0
BRDA:229,26,0,0
BRDA:229,26,1,0
BRDA:236,27,0,0
BRDA:236,27,1,0
BRDA:236,28,0,0
BRDA:236,28,1,0
BRDA:262,29,0,0
BRDA:269,30,0,0
BRDA:269,31,0,0
BRDA:269,31,1,0
BRDA:272,32,0,0
BRDA:272,32,1,0
BRDA:274,33,0,0
BRDA:305,34,0,0
BRDA:305,34,1,0
BRDA:326,35,0,0
BRDA:333,36,0,0
BRDA:333,37,0,0
BRDA:333,37,1,0
BRDA:336,38,0,0
BRDA:336,38,1,0
BRDA:338,39,0,0
BRDA:349,40,0,0
BRDA:349,40,1,0
BRDA:354,41,0,0
BRDA:354,42,0,0
BRDA:354,42,1,0
BRDA:359,43,0,0
BRDA:359,43,1,0
BRDA:374,44,0,0
BRDA:381,45,0,0
BRDA:381,46,0,0
BRDA:381,46,1,0
BRDA:384,47,0,0
BRDA:384,47,1,0
BRDA:386,48,0,0
BRDA:402,49,0,7
BRDA:402,50,0,7
BRDA:402,50,1,7
BRDA:406,51,0,1
BRDA:406,51,1,6
BRDA:409,52,0,6
BRDA:409,52,1,0
BRDA:414,53,0,1
BRDA:414,54,0,7
BRDA:414,54,1,1
BRDA:419,55,0,0
BRDA:419,55,1,1
BRDA:421,56,0,0
BRDA:421,56,1,1
BRDA:425,57,0,0
BRDA:425,57,1,1
BRDA:434,58,0,3
BRDA:434,59,0,7
BRDA:434,59,1,3
BRDA:434,59,2,3
BRDA:439,60,0,2
BRDA:439,60,1,1
BRDA:441,61,0,0
BRDA:455,62,0,7
BRDA:455,62,1,0
BRDA:455,62,2,3
BRDA:455,62,3,0
BRDA:455,62,4,0
BRDA:455,62,5,0
BRDA:455,62,6,3
BRDA:455,62,7,1
BRDA:455,62,8,0
BRDA:455,62,9,1
BRDA:455,62,10,1
BRDA:455,62,11,1
BRDA:455,62,12,1
BRDA:455,62,13,1
BRDA:455,62,14,0
BRDA:455,62,15,0
BRDA:455,62,16,0
BRDA:455,62,17,0
BRDA:475,63,0,3
BRDA:475,63,1,0
BRDA:478,64,0,1
BRDA:478,64,1,0
BRDA:546,65,0,2
BRDA:546,65,1,1
BRDA:553,66,0,0
BRDA:553,67,0,0
BRDA:557,68,0,0
BRDA:557,69,0,0
BRDA:557,69,1,0
BRDA:563,70,0,0
BRDA:575,71,0,0
BRDA:575,71,1,0
BRDA:579,72,0,0
BRDA:579,72,1,0
BRF:131
BRH:57
end_of_record
TN:
SF:adapters/mysql/mysqlAdapter.ts
FN:20,(anonymous_9)
FN:30,(anonymous_10)
FN:66,(anonymous_11)
FN:103,(anonymous_12)
FN:129,(anonymous_13)
FN:136,(anonymous_14)
FN:159,(anonymous_15)
FN:176,(anonymous_16)
FN:183,(anonymous_17)
FN:196,(anonymous_18)
FN:210,(anonymous_19)
FN:214,(anonymous_20)
FN:225,(anonymous_21)
FN:237,(anonymous_22)
FN:257,(anonymous_23)
FN:278,(anonymous_24)
FN:287,(anonymous_25)
FN:292,(anonymous_26)
FN:300,(anonymous_27)
FN:323,(anonymous_28)
FN:353,(anonymous_29)
FN:359,(anonymous_30)
FN:388,(anonymous_31)
FN:391,(anonymous_32)
FN:404,(anonymous_33)
FN:426,(anonymous_34)
FN:427,(anonymous_35)
FN:433,(anonymous_36)
FN:437,(anonymous_37)
FNF:29
FNH:3
FNDA:7,(anonymous_9)
FNDA:0,(anonymous_10)
FNDA:0,(anonymous_11)
FNDA:4,(anonymous_12)
FNDA:0,(anonymous_13)
FNDA:0,(anonymous_14)
FNDA:2,(anonymous_15)
FNDA:0,(anonymous_16)
FNDA:0,(anonymous_17)
FNDA:0,(anonymous_18)
FNDA:0,(anonymous_19)
FNDA:0,(anonymous_20)
FNDA:0,(anonymous_21)
FNDA:0,(anonymous_22)
FNDA:0,(anonymous_23)
FNDA:0,(anonymous_24)
FNDA:0,(anonymous_25)
FNDA:0,(anonymous_26)
FNDA:0,(anonymous_27)
FNDA:0,(anonymous_28)
FNDA:0,(anonymous_29)
FNDA:0,(anonymous_30)
FNDA:0,(anonymous_31)
FNDA:0,(anonymous_32)
FNDA:0,(anonymous_33)
FNDA:0,(anonymous_34)
FNDA:0,(anonymous_35)
FNDA:0,(anonymous_36)
FNDA:0,(anonymous_37)
DA:1,2
DA:20,2
DA:21,7
DA:22,7
DA:23,7
DA:31,0
DA:37,0
DA:40,0
DA:43,0
DA:46,0
DA:49,0
DA:52,0
DA:60,0
DA:70,0
DA:72,0
DA:73,0
DA:76,0
DA:78,0
DA:79,0
DA:81,0
DA:82,0
DA:88,0
DA:89,0
DA:91,0
DA:93,0
DA:96,0
DA:104,4
DA:130,0
DA:132,0
DA:133,0
DA:134,0
DA:136,0
DA:139,0
DA:149,0
DA:150,0
DA:152,0
DA:160,2
DA:161,2
DA:163,0
DA:164,0
DA:165,0
DA:167,0
DA:169,0
DA:177,0
DA:178,0
DA:181,0
DA:183,0
DA:184,0
DA:185,0
DA:186,0
DA:188,0
DA:190,0
DA:195,0
DA:196,0
DA:197,0
DA:200,0
DA:204,0
DA:211,0
DA:213,0
DA:214,0
DA:215,0
DA:219,0
DA:226,0
DA:227,0
DA:229,0
DA:231,0
DA:232,0
DA:236,0
DA:237,0
DA:238,0
DA:241,0
DA:245,0
DA:248,0
DA:251,0
DA:258,0
DA:262,0
DA:265,0
DA:267,0
DA:269,0
DA:271,0
DA:279,0
DA:281,0
DA:288,0
DA:291,0
DA:292,0
DA:293,0
DA:295,0
DA:299,0
DA:300,0
DA:301,0
DA:303,0
DA:306,0
DA:309,0
DA:311,0
DA:313,0
DA:316,0
DA:324,0
DA:326,0
DA:328,0
DA:329,0
DA:332,0
DA:333,0
DA:336,0
DA:337,0
DA:340,0
DA:341,0
DA:344,0
DA:345,0
DA:348,0
DA:349,0
DA:352,0
DA:353,0
DA:354,0
DA:355,0
DA:358,0
DA:359,0
DA:360,0
DA:361,0
DA:364,0
DA:365,0
DA:368,0
DA:369,0
DA:372,0
DA:375,0
DA:378,0
DA:381,0
DA:389,0
DA:391,0
DA:392,0
DA:393,0
DA:395,0
DA:398,0
DA:408,0
DA:410,0
DA:411,0
DA:412,0
DA:413,0
DA:415,0
DA:416,0
DA:420,0
DA:427,0
DA:434,0
DA:438,0
LF:143
LH:8
BRDA:55,0,0,0
BRDA:55,0,1,0
BRDA:56,1,0,0
BRDA:56,1,1,0
BRDA:72,2,0,0
BRDA:85,3,0,0
BRDA:85,3,1,0
BRDA:88,4,0,0
BRDA:88,4,1,0
BRDA:132,5,0,0
BRDA:132,5,1,0
BRDA:134,6,0,0
BRDA:140,7,0,0
BRDA:140,7,1,0
BRDA:141,8,0,0
BRDA:141,8,1,0
BRDA:146,9,0,0
BRDA:146,9,1,0
BRDA:149,10,0,0
BRDA:149,11,0,0
BRDA:149,11,1,0
BRDA:161,12,0,2
BRDA:177,13,0,0
BRDA:177,14,0,0
BRDA:177,14,1,0
BRDA:184,15,0,0
BRDA:184,15,1,0
BRDA:186,16,0,0
BRDA:186,16,1,0
BRDA:195,17,0,0
BRDA:197,18,0,0
BRDA:197,18,1,0
BRDA:213,19,0,0
BRDA:213,20,0,0
BRDA:213,20,1,0
BRDA:227,21,0,0
BRDA:227,21,1,0
BRDA:231,22,0,0
BRDA:236,23,0,0
BRDA:236,24,0,0
BRDA:236,24,1,0
BRDA:238,25,0,0
BRDA:238,25,1,0
BRDA:241,26,0,0
BRDA:241,26,1,0
BRDA:258,27,0,0
BRDA:258,27,1,0
BRDA:258,27,2,0
BRDA:258,27,3,0
BRDA:258,27,4,0
BRDA:258,27,5,0
BRDA:258,27,6,0
BRDA:258,27,7,0
BRDA:279,28,0,0
BRDA:291,29,0,0
BRDA:291,30,0,0
BRDA:291,30,1,0
BRDA:299,31,0,0
BRDA:299,32,0,0
BRDA:299,32,1,0
BRDA:306,33,0,0
BRDA:309,34,0,0
BRDA:309,34,1,0
BRDA:309,34,2,0
BRDA:309,34,3,0
BRDA:326,35,0,0
BRDA:326,35,1,0
BRDA:326,35,2,0
BRDA:326,35,3,0
BRDA:326,35,4,0
BRDA:326,35,5,0
BRDA:326,35,6,0
BRDA:326,35,7,0
BRDA:326,35,8,0
BRDA:326,35,9,0
BRDA:326,35,10,0
BRDA:326,35,11,0
BRDA:326,35,12,0
BRDA:326,35,13,0
BRDA:352,36,0,0
BRDA:352,36,1,0
BRDA:358,37,0,0
BRDA:358,37,1,0
BRDA:378,38,0,0
BRDA:378,38,1,0
BRDA:389,39,0,0
BRDA:389,40,0,0
BRDA:389,40,1,0
BRDA:410,41,0,0
BRDA:411,42,0,0
BRDA:411,42,1,0
BRDA:434,43,0,0
BRDA:434,43,1,0
BRF:93
BRH:1
end_of_record
TN:
SF:adapters/postgresql/postgresqlAdapter.ts
FN:20,(anonymous_9)
FN:30,(anonymous_10)
FN:67,(anonymous_11)
FN:104,(anonymous_12)
FN:130,(anonymous_13)
FN:137,(anonymous_14)
FN:154,(anonymous_15)
FN:171,(anonymous_16)
FN:178,(anonymous_17)
FN:191,(anonymous_18)
FN:205,(anonymous_19)
FN:209,(anonymous_20)
FN:220,(anonymous_21)
FN:232,(anonymous_22)
FN:252,(anonymous_23)
FN:273,(anonymous_24)
FN:282,(anonymous_25)
FN:287,(anonymous_26)
FN:295,(anonymous_27)
FN:318,(anonymous_28)
FN:386,(anonymous_29)
FN:389,(anonymous_30)
FN:403,(anonymous_31)
FN:425,(anonymous_32)
FN:426,(anonymous_33)
FN:432,(anonymous_34)
FN:436,(anonymous_35)
FNF:27
FNH:3
FNDA:7,(anonymous_9)
FNDA:0,(anonymous_10)
FNDA:0,(anonymous_11)
FNDA:4,(anonymous_12)
FNDA:0,(anonymous_13)
FNDA:0,(anonymous_14)
FNDA:2,(anonymous_15)
FNDA:0,(anonymous_16)
FNDA:0,(anonymous_17)
FNDA:0,(anonymous_18)
FNDA:0,(anonymous_19)
FNDA:0,(anonymous_20)
FNDA:0,(anonymous_21)
FNDA:0,(anonymous_22)
FNDA:0,(anonymous_23)
FNDA:0,(anonymous_24)
FNDA:0,(anonymous_25)
FNDA:0,(anonymous_26)
FNDA:0,(anonymous_27)
FNDA:0,(anonymous_28)
FNDA:0,(anonymous_29)
FNDA:0,(anonymous_30)
FNDA:0,(anonymous_31)
FNDA:0,(anonymous_32)
FNDA:0,(anonymous_33)
FNDA:0,(anonymous_34)
FNDA:0,(anonymous_35)
DA:1,2
DA:20,2
DA:21,7
DA:22,7
DA:23,7
DA:31,0
DA:38,0
DA:41,0
DA:44,0
DA:47,0
DA:50,0
DA:53,0
DA:61,0
DA:71,0
DA:73,0
DA:74,0
DA:77,0
DA:79,0
DA:80,0
DA:82,0
DA:83,0
DA:89,0
DA:90,0
DA:92,0
DA:94,0
DA:97,0
DA:105,4
DA:131,0
DA:133,0
DA:134,0
DA:135,0
DA:137,0
DA:139,0
DA:155,2
DA:156,2
DA:158,0
DA:159,0
DA:160,0
DA:162,0
DA:164,0
DA:172,0
DA:173,0
DA:176,0
DA:178,0
DA:179,0
DA:180,0
DA:181,0
DA:183,0
DA:185,0
DA:190,0
DA:191,0
DA:192,0
DA:195,0
DA:199,0
DA:206,0
DA:208,0
DA:209,0
DA:210,0
DA:214,0
DA:221,0
DA:222,0
DA:224,0
DA:226,0
DA:227,0
DA:231,0
DA:232,0
DA:233,0
DA:236,0
DA:240,0
DA:243,0
DA:246,0
DA:253,0
DA:257,0
DA:260,0
DA:262,0
DA:264,0
DA:266,0
DA:274,0
DA:276,0
DA:283,0
DA:286,0
DA:287,0
DA:288,0
DA:290,0
DA:294,0
DA:295,0
DA:296,0
DA:298,0
DA:301,0
DA:304,0
DA:306,0
DA:308,0
DA:311,0
DA:319,0
DA:320,0
DA:322,0
DA:324,0
DA:325,0
DA:328,0
DA:329,0
DA:332,0
DA:333,0
DA:336,0
DA:337,0
DA:340,0
DA:341,0
DA:344,0
DA:345,0
DA:348,0
DA:349,0
DA:350,0
DA:353,0
DA:354,0
DA:355,0
DA:358,0
DA:359,0
DA:362,0
DA:363,0
DA:366,0
DA:367,0
DA:370,0
DA:373,0
DA:376,0
DA:379,0
DA:387,0
DA:389,0
DA:390,0
DA:391,0
DA:392,0
DA:394,0
DA:397,0
DA:407,0
DA:409,0
DA:410,0
DA:411,0
DA:414,0
DA:415,0
DA:416,0
DA:419,0
DA:426,0
DA:433,0
DA:437,0
LF:142
LH:8
BRDA:56,0,0,0
BRDA:56,0,1,0
BRDA:57,1,0,0
BRDA:57,1,1,0
BRDA:73,2,0,0
BRDA:86,3,0,0
BRDA:86,3,1,0
BRDA:133,4,0,0
BRDA:133,4,1,0
BRDA:135,5,0,0
BRDA:141,6,0,0
BRDA:141,6,1,0
BRDA:156,7,0,2
BRDA:172,8,0,0
BRDA:172,9,0,0
BRDA:172,9,1,0
BRDA:179,10,0,0
BRDA:179,10,1,0
BRDA:181,11,0,0
BRDA:181,11,1,0
BRDA:190,12,0,0
BRDA:192,13,0,0
BRDA:192,13,1,0
BRDA:208,14,0,0
BRDA:208,15,0,0
BRDA:208,15,1,0
BRDA:222,16,0,0
BRDA:222,16,1,0
BRDA:226,17,0,0
BRDA:231,18,0,0
BRDA:231,19,0,0
BRDA:231,19,1,0
BRDA:233,20,0,0
BRDA:233,20,1,0
BRDA:236,21,0,0
BRDA:236,21,1,0
BRDA:253,22,0,0
BRDA:253,22,1,0
BRDA:253,22,2,0
BRDA:253,22,3,0
BRDA:253,22,4,0
BRDA:253,22,5,0
BRDA:253,22,6,0
BRDA:253,22,7,0
BRDA:274,23,0,0
BRDA:286,24,0,0
BRDA:286,25,0,0
BRDA:286,25,1,0
BRDA:294,26,0,0
BRDA:294,27,0,0
BRDA:294,27,1,0
BRDA:301,28,0,0
BRDA:304,29,0,0
BRDA:304,29,1,0
BRDA:304,29,2,0
BRDA:304,29,3,0
BRDA:322,30,0,0
BRDA:322,30,1,0
BRDA:322,30,2,0
BRDA:322,30,3,0
BRDA:322,30,4,0
BRDA:322,30,5,0
BRDA:322,30,6,0
BRDA:322,30,7,0
BRDA:322,30,8,0
BRDA:322,30,9,0
BRDA:322,30,10,0
BRDA:322,30,11,0
BRDA:322,30,12,0
BRDA:322,30,13,0
BRDA:322,30,14,0
BRDA:348,31,0,0
BRDA:348,31,1,0
BRDA:353,32,0,0
BRDA:353,32,1,0
BRDA:376,33,0,0
BRDA:376,33,1,0
BRDA:387,34,0,0
BRDA:387,35,0,0
BRDA:387,35,1,0
BRDA:392,36,0,0
BRDA:392,36,1,0
BRDA:409,37,0,0
BRDA:414,38,0,0
BRDA:433,39,0,0
BRDA:433,39,1,0
BRF:86
BRH:1
end_of_record
TN:
SF:converter/queryConverter.ts
FN:21,(anonymous_0)
FN:27,(anonymous_1)
FN:42,(anonymous_2)
FN:64,(anonymous_3)
FN:68,(anonymous_4)
FN:92,(anonymous_5)
FN:106,(anonymous_6)
FN:142,(anonymous_7)
FN:146,(anonymous_8)
FN:164,(anonymous_9)
FN:168,(anonymous_10)
FN:183,(anonymous_11)
FN:191,(anonymous_12)
FN:234,(anonymous_13)
FN:287,(anonymous_14)
FN:305,(anonymous_15)
FN:319,(anonymous_16)
FN:331,(anonymous_17)
FN:356,(anonymous_18)
FN:402,(anonymous_19)
FN:421,(anonymous_20)
FN:480,(anonymous_21)
FN:493,(anonymous_22)
FN:545,(anonymous_23)
FNF:24
FNH:24
FNDA:64,(anonymous_0)
FNDA:54,(anonymous_1)
FNDA:204,(anonymous_2)
FNDA:204,(anonymous_3)
FNDA:31,(anonymous_4)
FNDA:16,(anonymous_5)
FNDA:35,(anonymous_6)
FNDA:6,(anonymous_7)
FNDA:10,(anonymous_8)
FNDA:187,(anonymous_9)
FNDA:8,(anonymous_10)
FNDA:8,(anonymous_11)
FNDA:15,(anonymous_12)
FNDA:8,(anonymous_13)
FNDA:165,(anonymous_14)
FNDA:179,(anonymous_15)
FNDA:10,(anonymous_16)
FNDA:184,(anonymous_17)
FNDA:22,(anonymous_18)
FNDA:51,(anonymous_19)
FNDA:8,(anonymous_20)
FNDA:8,(anonymous_21)
FNDA:16,(anonymous_22)
FNDA:29,(anonymous_23)
DA:18,4
DA:22,64
DA:28,54
DA:39,54
DA:42,54
DA:43,204
DA:46,204
DA:47,31
DA:48,31
DA:52,173
DA:53,8
DA:54,8
DA:58,165
DA:61,54
DA:65,204
DA:69,31
DA:71,16
DA:72,16
DA:74,6
DA:75,6
DA:77,6
DA:78,6
DA:79,6
DA:82,2
DA:83,2
DA:84,2
DA:86,1
DA:87,1
DA:88,1
DA:93,16
DA:94,2
DA:97,14
DA:104,14
DA:106,14
DA:107,35
DA:109,6
DA:111,6
DA:113,6
DA:114,6
DA:116,6
DA:119,6
DA:120,6
DA:124,29
DA:125,29
DA:126,29
DA:127,2
DA:128,2
DA:130,29
DA:131,29
DA:136,14
DA:143,6
DA:144,6
DA:146,6
DA:147,10
DA:148,10
DA:149,3
DA:154,7
DA:161,6
DA:165,187
DA:169,8
DA:170,8
DA:171,8
DA:172,6
DA:175,2
DA:185,8
DA:188,8
DA:189,8
DA:191,8
DA:196,15
DA:198,15
DA:200,1
DA:201,1
DA:202,1
DA:205,1
DA:206,1
DA:207,1
DA:208,1
DA:210,1
DA:218,14
DA:221,15
DA:222,15
DA:226,8
DA:228,8
DA:236,8
DA:237,8
DA:238,8
DA:242,8
DA:243,8
DA:244,8
DA:245,8
DA:246,8
DA:248,8
DA:249,223
DA:251,223
DA:252,0
DA:253,0
DA:254,0
DA:255,0
DA:256,0
DA:257,0
DA:259,0
DA:260,223
DA:261,223
DA:262,1
DA:263,1
DA:264,222
DA:265,1
DA:266,1
DA:267,221
DA:268,7
DA:269,7
DA:271,7
DA:273,214
DA:276,0
DA:280,8
DA:281,8
DA:284,8
DA:288,165
DA:289,165
DA:290,163
DA:291,34
DA:292,129
DA:293,129
DA:296,0
DA:307,179
DA:308,179
DA:310,177
DA:311,177
DA:312,177
DA:317,177
DA:318,4
DA:319,10
DA:321,173
DA:324,177
DA:333,184
DA:336,181
DA:337,176
DA:340,174
DA:341,25
DA:343,149
DA:344,2
DA:348,147
DA:350,2
DA:353,145
DA:357,22
DA:358,22
DA:359,22
DA:360,22
DA:361,22
DA:363,22
DA:364,517
DA:366,517
DA:367,0
DA:368,0
DA:369,0
DA:370,0
DA:371,0
DA:372,0
DA:374,0
DA:375,517
DA:376,517
DA:377,10
DA:378,10
DA:379,507
DA:380,10
DA:381,10
DA:382,497
DA:383,29
DA:384,29
DA:386,29
DA:388,468
DA:391,0
DA:395,22
DA:396,22
DA:399,22
DA:403,51
DA:406,51
DA:407,43
DA:411,8
DA:413,0
DA:417,8
DA:418,8
DA:423,8
DA:424,8
DA:425,0
DA:428,8
DA:431,8
DA:432,8
DA:434,8
DA:435,163
DA:436,10
DA:437,153
DA:438,10
DA:439,10
DA:440,8
DA:441,8
DA:446,8
DA:447,0
DA:450,8
DA:453,8
DA:456,8
DA:467,8
DA:468,8
DA:469,8
DA:470,0
DA:472,8
DA:473,2
DA:477,8
DA:484,8
DA:489,8
DA:490,8
DA:491,8
DA:493,8
DA:494,16
DA:496,2
DA:497,2
DA:498,2
DA:500,14
DA:502,0
DA:503,0
DA:504,0
DA:506,14
DA:508,0
DA:511,0
DA:512,0
DA:513,0
DA:514,0
DA:515,0
DA:518,0
DA:519,0
DA:520,0
DA:527,8
DA:528,2
DA:531,8
DA:532,0
DA:533,0
DA:535,0
DA:542,8
DA:546,29
DA:548,29
DA:551,29
DA:552,2
DA:553,2
DA:560,27
DA:561,0
DA:567,27
DA:568,0
DA:573,27
LF:248
LH:210
BRDA:27,0,0,21
BRDA:43,1,0,0
BRDA:43,1,1,204
BRDA:46,2,0,31
BRDA:52,3,0,8
BRDA:69,4,0,16
BRDA:69,4,1,6
BRDA:69,4,2,6
BRDA:69,4,3,0
BRDA:69,4,4,2
BRDA:69,4,5,1
BRDA:77,5,0,6
BRDA:77,5,1,6
BRDA:82,6,0,2
BRDA:82,6,1,0
BRDA:86,7,0,1
BRDA:86,7,1,0
BRDA:87,8,0,1
BRDA:87,8,1,0
BRDA:93,9,0,2
BRDA:93,10,0,16
BRDA:93,10,1,15
BRDA:107,11,0,6
BRDA:107,11,1,29
BRDA:111,12,0,6
BRDA:113,13,0,6
BRDA:119,14,0,0
BRDA:120,15,0,6
BRDA:120,15,1,0
BRDA:125,16,0,29
BRDA:126,17,0,2
BRDA:127,18,0,2
BRDA:127,18,1,0
BRDA:130,19,0,29
BRDA:130,19,1,0
BRDA:148,20,0,3
BRDA:148,20,1,7
BRDA:165,21,0,187
BRDA:165,21,1,179
BRDA:170,22,0,8
BRDA:171,23,0,6
BRDA:171,23,1,2
BRDA:185,24,0,0
BRDA:185,24,1,8
BRDA:198,25,0,1
BRDA:198,25,1,14
BRDA:206,26,0,1
BRDA:221,27,0,15
BRDA:226,28,0,0
BRDA:237,29,0,8
BRDA:237,30,0,8
BRDA:237,30,1,8
BRDA:251,31,0,0
BRDA:251,31,1,223
BRDA:251,32,0,223
BRDA:251,32,1,223
BRDA:251,32,2,0
BRDA:252,33,0,0
BRDA:252,33,1,0
BRDA:255,34,0,0
BRDA:260,35,0,223
BRDA:260,35,1,0
BRDA:261,36,0,1
BRDA:261,36,1,222
BRDA:264,37,0,1
BRDA:264,37,1,221
BRDA:267,38,0,7
BRDA:267,38,1,214
BRDA:267,39,0,221
BRDA:267,39,1,8
BRDA:268,40,0,7
BRDA:280,41,0,8
BRDA:289,42,0,163
BRDA:290,43,0,34
BRDA:290,43,1,129
BRDA:292,44,0,129
BRDA:292,44,1,0
BRDA:308,45,0,2
BRDA:317,46,0,4
BRDA:317,46,1,173
BRDA:317,47,0,177
BRDA:317,47,1,4
BRDA:333,48,0,3
BRDA:336,49,0,5
BRDA:337,50,0,2
BRDA:340,51,0,25
BRDA:343,52,0,2
BRDA:348,53,0,2
BRDA:348,54,0,147
BRDA:348,54,1,2
BRDA:348,54,2,145
BRDA:348,54,3,0
BRDA:366,55,0,0
BRDA:366,55,1,517
BRDA:366,56,0,517
BRDA:366,56,1,517
BRDA:366,56,2,0
BRDA:367,57,0,0
BRDA:367,57,1,0
BRDA:370,58,0,0
BRDA:375,59,0,517
BRDA:375,59,1,0
BRDA:376,60,0,10
BRDA:376,60,1,507
BRDA:379,61,0,10
BRDA:379,61,1,497
BRDA:382,62,0,29
BRDA:382,62,1,468
BRDA:382,63,0,497
BRDA:382,63,1,39
BRDA:383,64,0,29
BRDA:395,65,0,22
BRDA:406,66,0,43
BRDA:406,67,0,51
BRDA:406,67,1,8
BRDA:411,68,0,0
BRDA:411,69,0,8
BRDA:411,69,1,0
BRDA:411,69,2,8
BRDA:411,69,3,0
BRDA:424,70,0,0
BRDA:435,71,0,10
BRDA:435,71,1,153
BRDA:437,72,0,10
BRDA:439,73,0,8
BRDA:446,74,0,0
BRDA:446,75,0,8
BRDA:446,75,1,8
BRDA:453,76,0,8
BRDA:453,76,1,0
BRDA:467,77,0,8
BRDA:469,78,0,0
BRDA:472,79,0,2
BRDA:472,80,0,8
BRDA:472,80,1,2
BRDA:494,81,0,2
BRDA:494,81,1,14
BRDA:497,82,0,2
BRDA:500,83,0,0
BRDA:500,83,1,14
BRDA:503,84,0,0
BRDA:506,85,0,0
BRDA:506,86,0,14
BRDA:506,86,1,0
BRDA:506,86,2,0
BRDA:511,87,0,0
BRDA:511,88,0,0
BRDA:511,88,1,0
BRDA:511,88,2,0
BRDA:511,88,3,0
BRDA:519,89,0,0
BRDA:527,90,0,2
BRDA:531,91,0,0
BRDA:532,92,0,0
BRDA:532,92,1,0
BRDA:548,93,0,0
BRDA:551,94,0,2
BRDA:551,95,0,29
BRDA:551,95,1,2
BRDA:560,96,0,0
BRDA:567,97,0,0
BRF:161
BRH:112
end_of_record
TN:
SF:main/newCore.ts
FN:27,(anonymous_0)
FN:43,(anonymous_1)
FN:78,(anonymous_2)
FN:97,(anonymous_3)
FN:112,(anonymous_4)
FN:119,(anonymous_5)
FN:129,(anonymous_6)
FN:140,(anonymous_7)
FN:161,(anonymous_8)
FN:168,(anonymous_9)
FN:191,(anonymous_10)
FN:200,(anonymous_11)
FN:206,(anonymous_12)
FN:212,(anonymous_13)
FN:251,(anonymous_14)
FN:274,(anonymous_15)
FN:283,(anonymous_16)
FN:290,(anonymous_17)
FN:297,(anonymous_18)
FN:311,(anonymous_19)
FN:351,createCore
FNF:21
FNH:21
FNDA:42,(anonymous_0)
FNDA:32,(anonymous_1)
FNDA:4,(anonymous_2)
FNDA:2,(anonymous_3)
FNDA:4,(anonymous_4)
FNDA:2,(anonymous_5)
FNDA:1,(anonymous_6)
FNDA:24,(anonymous_7)
FNDA:40,(anonymous_8)
FNDA:32,(anonymous_9)
FNDA:32,(anonymous_10)
FNDA:4,(anonymous_11)
FNDA:4,(anonymous_12)
FNDA:6,(anonymous_13)
FNDA:32,(anonymous_14)
FNDA:23,(anonymous_15)
FNDA:21,(anonymous_16)
FNDA:2,(anonymous_17)
FNDA:3,(anonymous_18)
FNDA:2,(anonymous_19)
FNDA:2,createCore
DA:2,3
DA:11,3
DA:15,3
DA:21,3
DA:31,42
DA:32,42
DA:33,42
DA:34,42
DA:37,42
DA:51,32
DA:52,3
DA:58,29
DA:65,29
DA:68,29
DA:71,29
DA:74,27
DA:75,27
DA:76,2
DA:78,4
DA:84,25
DA:87,25
DA:88,0
DA:91,25
DA:93,25
DA:94,1
DA:95,1
DA:98,2
DA:101,1
DA:106,25
DA:113,4
DA:120,2
DA:121,1
DA:123,1
DA:133,1
DA:134,1
DA:142,24
DA:143,24
DA:147,24
DA:148,1
DA:152,24
DA:154,0
DA:162,40
DA:172,32
DA:177,32
DA:178,2
DA:185,30
DA:192,32
DA:194,3
DA:204,4
DA:206,4
DA:207,4
DA:210,4
DA:211,4
DA:212,6
DA:215,4
DA:216,3
DA:225,3
DA:228,3
DA:229,0
DA:230,3
DA:231,3
DA:232,0
DA:233,0
DA:234,0
DA:235,0
DA:236,0
DA:242,4
DA:243,1
DA:256,32
DA:257,32
DA:263,32
DA:264,32
DA:265,23
DA:268,32
DA:270,23
DA:273,9
DA:274,23
DA:284,21
DA:291,2
DA:302,3
DA:303,3
DA:304,3
DA:305,3
DA:316,2
DA:317,2
DA:351,3
DA:355,2
LF:87
LH:79
BRDA:34,0,0,42
BRDA:34,0,1,2
BRDA:47,1,0,0
BRDA:51,2,0,3
BRDA:75,3,0,2
BRDA:87,4,0,0
BRDA:93,5,0,1
BRDA:120,6,0,1
BRDA:142,7,0,24
BRDA:147,8,0,1
BRDA:147,9,0,24
BRDA:147,9,1,1
BRDA:152,10,0,0
BRDA:177,11,0,2
BRDA:180,12,0,0
BRDA:180,12,1,2
BRDA:192,13,0,29
BRDA:192,14,0,32
BRDA:192,14,1,32
BRDA:204,15,0,0
BRDA:207,16,0,4
BRDA:207,17,0,4
BRDA:207,17,1,4
BRDA:215,18,0,3
BRDA:228,19,0,0
BRDA:228,19,1,3
BRDA:230,20,0,3
BRDA:230,20,1,0
BRDA:232,21,0,0
BRDA:232,21,1,0
BRDA:234,22,0,0
BRDA:242,23,0,1
BRDA:242,24,0,4
BRDA:242,24,1,1
BRDA:263,25,0,32
BRDA:264,26,0,23
BRDA:268,27,0,23
BRDA:268,27,1,9
BRDA:268,28,0,32
BRDA:268,28,1,32
BRDA:274,29,0,23
BRDA:274,29,1,14
BRDA:300,30,0,0
BRF:43
BRH:32
end_of_record
TN:
SF:rbac/rbac-test.ts
FNF:0
FNH:0
DA:1,0
DA:3,0
DA:4,0
DA:5,0
DA:6,0
DA:8,0
DA:10,0
DA:12,0
DA:13,0
DA:14,0
DA:17,0
DA:20,0
LF:12
LH:0
BRDA:12,0,0,0
BRDA:12,0,1,0
BRDA:13,1,0,0
BRDA:13,1,1,0
BRF:4
BRH:0
end_of_record
TN:
SF:rbac/rbac-validator.ts
FN:14,(anonymous_9)
FN:20,(anonymous_10)
FN:24,(anonymous_11)
FN:25,(anonymous_12)
FN:28,(anonymous_13)
FN:29,(anonymous_14)
FN:37,(anonymous_15)
FN:42,(anonymous_16)
FN:48,(anonymous_17)
FN:58,(anonymous_18)
FN:60,(anonymous_19)
FN:65,(anonymous_20)
FN:82,(anonymous_21)
FN:89,(anonymous_22)
FN:93,(anonymous_23)
FN:105,(anonymous_24)
FN:108,(anonymous_25)
FN:114,(anonymous_26)
FN:122,(anonymous_27)
FN:123,(anonymous_28)
FN:125,(anonymous_29)
FN:125,(anonymous_30)
FNF:22
FNH:22
FNDA:68,(anonymous_9)
FNDA:4,(anonymous_10)
FNDA:101,(anonymous_11)
FNDA:176,(anonymous_12)
FNDA:42,(anonymous_13)
FNDA:49,(anonymous_14)
FNDA:39,(anonymous_15)
FNDA:50,(anonymous_16)
FNDA:62,(anonymous_17)
FNDA:49,(anonymous_18)
FNDA:82,(anonymous_19)
FNDA:111,(anonymous_20)
FNDA:16,(anonymous_21)
FNDA:99,(anonymous_22)
FNDA:117,(anonymous_23)
FNDA:117,(anonymous_24)
FNDA:5,(anonymous_25)
FNDA:7,(anonymous_26)
FNDA:12,(anonymous_27)
FNDA:13,(anonymous_28)
FNDA:22,(anonymous_29)
FNDA:27,(anonymous_30)
DA:7,4
DA:8,4
DA:11,4
DA:15,68
DA:16,68
DA:17,68
DA:21,4
DA:25,176
DA:29,49
DA:31,42
DA:32,4
DA:35,38
DA:37,38
DA:38,39
DA:44,50
DA:45,2
DA:48,62
DA:50,48
DA:51,1
DA:54,47
DA:56,47
DA:58,47
DA:59,49
DA:60,82
DA:61,48
DA:62,1
DA:65,48
DA:66,111
DA:68,111
DA:70,111
DA:71,103
DA:73,8
DA:74,8
DA:82,8
DA:83,16
DA:89,99
DA:91,47
DA:93,47
DA:94,117
DA:95,46
DA:96,46
DA:98,71
DA:99,0
DA:102,71
DA:103,71
DA:105,117
DA:114,7
DA:116,5
DA:117,1
DA:120,4
DA:122,4
DA:123,12
DA:124,13
DA:125,27
LF:54
LH:53
BRDA:31,0,0,4
BRDA:35,1,0,35
BRDA:35,1,1,3
BRDA:35,2,0,1
BRDA:35,2,1,2
BRDA:42,3,0,41
BRDA:42,4,0,41
BRDA:44,5,0,2
BRDA:50,6,0,1
BRDA:54,7,0,47
BRDA:54,7,1,0
BRDA:54,8,0,0
BRDA:54,8,1,0
BRDA:59,9,0,48
BRDA:61,10,0,1
BRDA:70,11,0,103
BRDA:70,11,1,8
BRDA:71,12,0,19
BRDA:71,12,1,84
BRDA:80,13,0,2
BRDA:80,13,1,6
BRDA:82,14,0,6
BRDA:82,14,1,2
BRDA:94,15,0,46
BRDA:98,16,0,0
BRDA:98,16,1,71
BRDA:105,17,0,117
BRDA:105,17,1,117
BRDA:116,18,0,1
BRDA:120,19,0,4
BRDA:120,19,1,0
BRDA:120,20,0,0
BRDA:120,20,1,0
BRDA:124,21,0,13
BRDA:124,21,1,13
BRDA:125,22,0,22
BRDA:125,22,1,13
BRF:37
BRH:30
end_of_record
